  Collections.cpp
  Map.cpp
C:\Program Files\Microsoft Visual Studio\2022\Community\VC\Tools\MSVC\14.36.32532\include\xstddef(106,55): error C2676: binary '==': 'const _Ty' does not define this operator or a conversion to a type acceptable to the predefined operator
          with
          [
              _Ty=CityRecord
          ]
C:\Program Files\Microsoft Visual Studio\2022\Community\VC\Tools\MSVC\14.36.32532\include\unordered_map(908,17): message : could be 'bool std::operator ==(const std::unordered_multimap<_Kty,_Ty,_Hasher,_Keyeq,_Alloc> &,const std::unordered_multimap<_Kty,_Ty,_Hasher,_Keyeq,_Alloc> &)'
C:\Program Files\Microsoft Visual Studio\2022\Community\VC\Tools\MSVC\14.36.32532\include\xstddef(106,49): message : 'bool std::operator ==(const std::unordered_multimap<_Kty,_Ty,_Hasher,_Keyeq,_Alloc> &,const std::unordered_multimap<_Kty,_Ty,_Hasher,_Keyeq,_Alloc> &)': could not deduce template argument for 'const std::unordered_multimap<_Kty,_Ty,_Hasher,_Keyeq,_Alloc> &' from 'const _Ty'
          with
          [
              _Ty=CityRecord
          ]
C:\Program Files\Microsoft Visual Studio\2022\Community\VC\Tools\MSVC\14.36.32532\include\unordered_map(539,17): message : or       'bool std::operator ==(const std::unordered_map<_Kty,_Ty,_Hasher,_Keyeq,_Alloc> &,const std::unordered_map<_Kty,_Ty,_Hasher,_Keyeq,_Alloc> &)'
C:\Program Files\Microsoft Visual Studio\2022\Community\VC\Tools\MSVC\14.36.32532\include\xstddef(106,49): message : 'bool std::operator ==(const std::unordered_map<_Kty,_Ty,_Hasher,_Keyeq,_Alloc> &,const std::unordered_map<_Kty,_Ty,_Hasher,_Keyeq,_Alloc> &)': could not deduce template argument for 'const std::unordered_map<_Kty,_Ty,_Hasher,_Keyeq,_Alloc> &' from 'const _Ty'
          with
          [
              _Ty=CityRecord
          ]
C:\Program Files\Microsoft Visual Studio\2022\Community\VC\Tools\MSVC\14.36.32532\include\vector(2219,30): message : or       'bool std::operator ==(const std::vector<_Ty,_Alloc> &,const std::vector<_Ty,_Alloc> &)'
C:\Program Files\Microsoft Visual Studio\2022\Community\VC\Tools\MSVC\14.36.32532\include\xstddef(106,49): message : 'bool std::operator ==(const std::vector<_Ty,_Alloc> &,const std::vector<_Ty,_Alloc> &)': could not deduce template argument for 'const std::vector<_Ty,_Alloc> &' from 'const _Ty'
          with
          [
              _Ty=CityRecord
          ]
C:\Program Files\Microsoft Visual Studio\2022\Community\VC\Tools\MSVC\14.36.32532\include\list(1873,17): message : or       'bool std::operator ==(const std::list<_Ty,_Alloc> &,const std::list<_Ty,_Alloc> &)'
C:\Program Files\Microsoft Visual Studio\2022\Community\VC\Tools\MSVC\14.36.32532\include\xstddef(106,49): message : 'bool std::operator ==(const std::list<_Ty,_Alloc> &,const std::list<_Ty,_Alloc> &)': could not deduce template argument for 'const std::list<_Ty,_Alloc> &' from 'const _Ty'
          with
          [
              _Ty=CityRecord
          ]
C:\Program Files\Microsoft Visual Studio\2022\Community\VC\Tools\MSVC\14.36.32532\include\map(630,17): message : or       'bool std::operator ==(const std::multimap<_Kty,_Ty,_Pr,_Alloc> &,const std::multimap<_Kty,_Ty,_Pr,_Alloc> &)'
C:\Program Files\Microsoft Visual Studio\2022\Community\VC\Tools\MSVC\14.36.32532\include\xstddef(106,49): message : 'bool std::operator ==(const std::multimap<_Kty,_Ty,_Pr,_Alloc> &,const std::multimap<_Kty,_Ty,_Pr,_Alloc> &)': could not deduce template argument for 'const std::multimap<_Kty,_Ty,_Pr,_Alloc> &' from 'const _Ty'
          with
          [
              _Ty=CityRecord
          ]
C:\Program Files\Microsoft Visual Studio\2022\Community\VC\Tools\MSVC\14.36.32532\include\map(399,17): message : or       'bool std::operator ==(const std::map<_Kty,_Ty,_Pr,_Alloc> &,const std::map<_Kty,_Ty,_Pr,_Alloc> &)'
C:\Program Files\Microsoft Visual Studio\2022\Community\VC\Tools\MSVC\14.36.32532\include\xstddef(106,49): message : 'bool std::operator ==(const std::map<_Kty,_Ty,_Pr,_Alloc> &,const std::map<_Kty,_Ty,_Pr,_Alloc> &)': could not deduce template argument for 'const std::map<_Kty,_Ty,_Pr,_Alloc> &' from 'const _Ty'
          with
          [
              _Ty=CityRecord
          ]
C:\Program Files\Microsoft Visual Studio\2022\Community\VC\Tools\MSVC\14.36.32532\include\tuple(669,27): message : or       'bool std::operator ==(const std::tuple<_Types...> &,const std::tuple<_Types...> &)'
C:\Program Files\Microsoft Visual Studio\2022\Community\VC\Tools\MSVC\14.36.32532\include\xstddef(106,49): message : 'bool std::operator ==(const std::tuple<_Types...> &,const std::tuple<_Types...> &)': could not deduce template argument for 'const std::tuple<_Types...> &' from 'const _Ty'
          with
          [
              _Ty=CityRecord
          ]
C:\Program Files\Microsoft Visual Studio\2022\Community\VC\Tools\MSVC\14.36.32532\include\memory(3555,17): message : or       'bool std::operator ==(std::nullptr_t,const std::unique_ptr<_Ty,_Dx> &) noexcept'
C:\Program Files\Microsoft Visual Studio\2022\Community\VC\Tools\MSVC\14.36.32532\include\xstddef(106,49): message : 'bool std::operator ==(std::nullptr_t,const std::unique_ptr<_Ty,_Dx> &) noexcept': could not deduce template argument for 'const std::unique_ptr<_Ty,_Dx> &' from 'const _Ty'
          with
          [
              _Ty=CityRecord
          ]
C:\Program Files\Microsoft Visual Studio\2022\Community\VC\Tools\MSVC\14.36.32532\include\memory(3549,30): message : or       'bool std::operator ==(const std::unique_ptr<_Ty,_Dx> &,std::nullptr_t) noexcept'
C:\Program Files\Microsoft Visual Studio\2022\Community\VC\Tools\MSVC\14.36.32532\include\xstddef(106,49): message : 'bool std::operator ==(const std::unique_ptr<_Ty,_Dx> &,std::nullptr_t) noexcept': could not deduce template argument for 'const std::unique_ptr<_Ty,_Dx> &' from 'const _Ty'
          with
          [
              _Ty=CityRecord
          ]
C:\Program Files\Microsoft Visual Studio\2022\Community\VC\Tools\MSVC\14.36.32532\include\memory(3501,30): message : or       'bool std::operator ==(const std::unique_ptr<_Ty,_Dx> &,const std::unique_ptr<_Ty2,_Dx2> &)'
C:\Program Files\Microsoft Visual Studio\2022\Community\VC\Tools\MSVC\14.36.32532\include\xstddef(106,49): message : 'bool std::operator ==(const std::unique_ptr<_Ty,_Dx> &,const std::unique_ptr<_Ty2,_Dx2> &)': could not deduce template argument for 'const std::unique_ptr<_Ty,_Dx> &' from 'const _Ty'
          with
          [
              _Ty=CityRecord
          ]
C:\Program Files\Microsoft Visual Studio\2022\Community\VC\Tools\MSVC\14.36.32532\include\memory(1920,17): message : or       'bool std::operator ==(std::nullptr_t,const std::shared_ptr<_Ty> &) noexcept'
C:\Program Files\Microsoft Visual Studio\2022\Community\VC\Tools\MSVC\14.36.32532\include\xstddef(106,49): message : 'bool std::operator ==(std::nullptr_t,const std::shared_ptr<_Ty> &) noexcept': could not deduce template argument for 'const std::shared_ptr<_Ty> &' from 'const _Ty'
          with
          [
              _Ty=CityRecord
          ]
C:\Program Files\Microsoft Visual Studio\2022\Community\VC\Tools\MSVC\14.36.32532\include\memory(1909,17): message : or       'bool std::operator ==(const std::shared_ptr<_Ty> &,std::nullptr_t) noexcept'
C:\Program Files\Microsoft Visual Studio\2022\Community\VC\Tools\MSVC\14.36.32532\include\xstddef(106,49): message : 'bool std::operator ==(const std::shared_ptr<_Ty> &,std::nullptr_t) noexcept': could not deduce template argument for 'const std::shared_ptr<_Ty> &' from 'const _Ty'
          with
          [
              _Ty=CityRecord
          ]
C:\Program Files\Microsoft Visual Studio\2022\Community\VC\Tools\MSVC\14.36.32532\include\memory(1872,17): message : or       'bool std::operator ==(const std::shared_ptr<_Ty> &,const std::shared_ptr<_Ty0> &) noexcept'
C:\Program Files\Microsoft Visual Studio\2022\Community\VC\Tools\MSVC\14.36.32532\include\xstddef(106,49): message : 'bool std::operator ==(const std::shared_ptr<_Ty> &,const std::shared_ptr<_Ty0> &) noexcept': could not deduce template argument for 'const std::shared_ptr<_Ty> &' from 'const _Ty'
          with
          [
              _Ty=CityRecord
          ]
C:\Program Files\Microsoft Visual Studio\2022\Community\VC\Tools\MSVC\14.36.32532\include\xstring(5070,17): message : or       'bool std::operator ==(const _Elem *const ,const std::basic_string<_Elem,_Traits,_Alloc> &)'
C:\Program Files\Microsoft Visual Studio\2022\Community\VC\Tools\MSVC\14.36.32532\include\xstddef(106,49): message : 'bool std::operator ==(const _Elem *const ,const std::basic_string<_Elem,_Traits,_Alloc> &)': could not deduce template argument for 'const _Elem *const ' from 'const _Ty'
          with
          [
              _Ty=CityRecord
          ]
C:\Program Files\Microsoft Visual Studio\2022\Community\VC\Tools\MSVC\14.36.32532\include\xstring(5051,30): message : or       'bool std::operator ==(const std::basic_string<_Elem,_Traits,_Alloc> &,const _Elem *const )'
C:\Program Files\Microsoft Visual Studio\2022\Community\VC\Tools\MSVC\14.36.32532\include\xstddef(106,49): message : 'bool std::operator ==(const std::basic_string<_Elem,_Traits,_Alloc> &,const _Elem *const )': could not deduce template argument for 'const std::basic_string<_Elem,_Traits,_Alloc> &' from 'const _Ty'
          with
          [
              _Ty=CityRecord
          ]
C:\Program Files\Microsoft Visual Studio\2022\Community\VC\Tools\MSVC\14.36.32532\include\xstring(5045,30): message : or       'bool std::operator ==(const std::basic_string<_Elem,_Traits,_Alloc> &,const std::basic_string<_Elem,_Traits,_Alloc> &) noexcept'
C:\Program Files\Microsoft Visual Studio\2022\Community\VC\Tools\MSVC\14.36.32532\include\xstddef(106,49): message : 'bool std::operator ==(const std::basic_string<_Elem,_Traits,_Alloc> &,const std::basic_string<_Elem,_Traits,_Alloc> &) noexcept': could not deduce template argument for 'const std::basic_string<_Elem,_Traits,_Alloc> &' from 'const _Ty'
          with
          [
              _Ty=CityRecord
          ]
C:\Program Files\Microsoft Visual Studio\2022\Community\VC\Tools\MSVC\14.36.32532\include\xmemory(1011,30): message : or       'bool std::operator ==(const std::allocator<_Ty> &,const std::allocator<_Other> &) noexcept'
C:\Program Files\Microsoft Visual Studio\2022\Community\VC\Tools\MSVC\14.36.32532\include\xstddef(106,49): message : 'bool std::operator ==(const std::allocator<_Ty> &,const std::allocator<_Other> &) noexcept': could not deduce template argument for 'const std::allocator<_Ty> &' from 'const _Ty'
          with
          [
              _Ty=CityRecord
          ]
C:\Program Files\Microsoft Visual Studio\2022\Community\VC\Tools\MSVC\14.36.32532\include\iterator(489,17): message : or       'bool std::operator ==(const std::istreambuf_iterator<_Elem,_Traits> &,const std::istreambuf_iterator<_Elem,_Traits> &)'
C:\Program Files\Microsoft Visual Studio\2022\Community\VC\Tools\MSVC\14.36.32532\include\xstddef(106,49): message : 'bool std::operator ==(const std::istreambuf_iterator<_Elem,_Traits> &,const std::istreambuf_iterator<_Elem,_Traits> &)': could not deduce template argument for 'const std::istreambuf_iterator<_Elem,_Traits> &' from 'const _Ty'
          with
          [
              _Ty=CityRecord
          ]
C:\Program Files\Microsoft Visual Studio\2022\Community\VC\Tools\MSVC\14.36.32532\include\iterator(307,17): message : or       'bool std::operator ==(const std::istream_iterator<_Ty,_Elem,_Traits,_Diff> &,const std::istream_iterator<_Ty,_Elem,_Traits,_Diff> &) noexcept'
C:\Program Files\Microsoft Visual Studio\2022\Community\VC\Tools\MSVC\14.36.32532\include\xstddef(106,49): message : 'bool std::operator ==(const std::istream_iterator<_Ty,_Elem,_Traits,_Diff> &,const std::istream_iterator<_Ty,_Elem,_Traits,_Diff> &) noexcept': could not deduce template argument for 'const std::istream_iterator<_Ty,_Elem,_Traits,_Diff> &' from 'const _Ty'
          with
          [
              _Ty=CityRecord
          ]
C:\Program Files\Microsoft Visual Studio\2022\Community\VC\Tools\MSVC\14.36.32532\include\xutility(4162,5): message : or       'bool std::operator ==(const std::move_iterator<_Iter> &,const std::move_iterator<_Iter2> &) noexcept(<expr>)'
C:\Program Files\Microsoft Visual Studio\2022\Community\VC\Tools\MSVC\14.36.32532\include\xstddef(106,49): message : 'bool std::operator ==(const std::move_iterator<_Iter> &,const std::move_iterator<_Iter2> &) noexcept(<expr>)': could not deduce template argument for 'const std::move_iterator<_Iter> &' from 'const _Ty'
          with
          [
              _Ty=CityRecord
          ]
C:\Program Files\Microsoft Visual Studio\2022\Community\VC\Tools\MSVC\14.36.32532\include\xutility(1464,5): message : or       'bool std::operator ==(const std::reverse_iterator<_BidIt> &,const std::reverse_iterator<_BidIt2> &) noexcept(<expr>)'
C:\Program Files\Microsoft Visual Studio\2022\Community\VC\Tools\MSVC\14.36.32532\include\xstddef(106,49): message : 'bool std::operator ==(const std::reverse_iterator<_BidIt> &,const std::reverse_iterator<_BidIt2> &) noexcept(<expr>)': could not deduce template argument for 'const std::reverse_iterator<_BidIt> &' from 'const _Ty'
          with
          [
              _Ty=CityRecord
          ]
C:\Program Files\Microsoft Visual Studio\2022\Community\VC\Tools\MSVC\14.36.32532\include\utility(484,27): message : or       'bool std::operator ==(const std::pair<_Ty1,_Ty2> &,const std::pair<_Ty1,_Ty2> &)'
C:\Program Files\Microsoft Visual Studio\2022\Community\VC\Tools\MSVC\14.36.32532\include\xstddef(106,49): message : 'bool std::operator ==(const std::pair<_Ty1,_Ty2> &,const std::pair<_Ty1,_Ty2> &)': could not deduce template argument for 'const std::pair<_Ty1,_Ty2> &' from 'const _Ty'
          with
          [
              _Ty=CityRecord
          ]
C:\Program Files\Microsoft Visual Studio\2022\Community\VC\Tools\MSVC\14.36.32532\include\xhash(152,18): message : see reference to variable template 'const bool _Nothrow_compare<std::equal_to<CityRecord>,CityRecord,CityRecord>' being compiled
C:\Program Files\Microsoft Visual Studio\2022\Community\VC\Tools\MSVC\14.36.32532\include\xhash(1756,18): message : while compiling class template member function 'bool std::_Uhash_compare<_Kty,_Hasher,_Keyeq>::operator ()<_Kty,_Kty>(const _Keyty1 &,const _Keyty2 &) noexcept(<expr>) const'
          with
          [
              _Kty=CityRecord,
              _Hasher=std::hash<CityRecord>,
              _Keyeq=std::equal_to<CityRecord>,
              _Keyty1=CityRecord,
              _Keyty2=CityRecord
          ]
C:\Program Files\Microsoft Visual Studio\2022\Community\VC\Tools\MSVC\14.36.32532\include\xhash(1707,10): message : while compiling class template member function 'void std::_Hash<std::_Umap_traits<_Kty,_Ty,std::_Uhash_compare<_Kty,_Hasher,_Keyeq>,_Alloc,false>>::_Forced_rehash(unsigned __int64)'
          with
          [
              _Kty=CityRecord,
              _Ty=int,
              _Hasher=std::hash<CityRecord>,
              _Keyeq=std::equal_to<CityRecord>,
              _Alloc=std::allocator<std::pair<const CityRecord,int>>
          ]
C:\Program Files\Microsoft Visual Studio\2022\Community\VC\Tools\MSVC\14.36.32532\include\xhash(1660,23): message : see the first reference to 'std::_Hash<std::_Umap_traits<_Kty,_Ty,std::_Uhash_compare<_Kty,_Hasher,_Keyeq>,_Alloc,false>>::_Forced_rehash' in 'std::_Hash<std::_Umap_traits<_Kty,_Ty,std::_Uhash_compare<_Kty,_Hasher,_Keyeq>,_Alloc,false>>::_Rehash_for_1'
          with
          [
              _Kty=CityRecord,
              _Ty=int,
              _Hasher=std::hash<CityRecord>,
              _Keyeq=std::equal_to<CityRecord>,
              _Alloc=std::allocator<std::pair<const CityRecord,int>>
          ]
C:\Program Files\Microsoft Visual Studio\2022\Community\VC\Tools\MSVC\14.36.32532\include\xhash(705,26): message : see the first reference to 'std::_Hash<std::_Umap_traits<_Kty,_Ty,std::_Uhash_compare<_Kty,_Hasher,_Keyeq>,_Alloc,false>>::_Rehash_for_1' in 'std::_Hash<std::_Umap_traits<_Kty,_Ty,std::_Uhash_compare<_Kty,_Hasher,_Keyeq>,_Alloc,false>>::_Try_emplace'
          with
          [
              _Kty=CityRecord,
              _Ty=int,
              _Hasher=std::hash<CityRecord>,
              _Keyeq=std::equal_to<CityRecord>,
              _Alloc=std::allocator<std::pair<const CityRecord,int>>
          ]
C:\Program Files\Microsoft Visual Studio\2022\Community\VC\Tools\MSVC\14.36.32532\include\unordered_map(263,9): message : see the first reference to 'std::_Hash<std::_Umap_traits<_Kty,_Ty,std::_Uhash_compare<_Kty,_Hasher,_Keyeq>,_Alloc,false>>::_Try_emplace' in 'std::unordered_map<CityRecord,int,std::hash<CityRecord>,std::equal_to<CityRecord>,std::allocator<std::pair<const CityRecord,int>>>::operator []'
          with
          [
              _Kty=CityRecord,
              _Ty=int,
              _Hasher=std::hash<CityRecord>,
              _Keyeq=std::equal_to<CityRecord>,
              _Alloc=std::allocator<std::pair<const CityRecord,int>>
          ]
C:\Users\VGpc\Documents\GitHub\CppCodeSamples\Collections\Collections\Map.cpp(60,54): message : see the first reference to 'std::unordered_map<CityRecord,int,std::hash<CityRecord>,std::equal_to<CityRecord>,std::allocator<std::pair<const CityRecord,int>>>::operator []' in 'Unordered_Map'
C:\Program Files\Microsoft Visual Studio\2022\Community\VC\Tools\MSVC\14.36.32532\include\unordered_map(67,30): message : see reference to class template instantiation 'std::_Hash<std::_Umap_traits<_Kty,_Ty,std::_Uhash_compare<_Kty,_Hasher,_Keyeq>,_Alloc,false>>' being compiled
          with
          [
              _Kty=CityRecord,
              _Ty=int,
              _Hasher=std::hash<CityRecord>,
              _Keyeq=std::equal_to<CityRecord>,
              _Alloc=std::allocator<std::pair<const CityRecord,int>>
          ]
C:\Users\VGpc\Documents\GitHub\CppCodeSamples\Collections\Collections\Map.cpp(59,33): message : see reference to class template instantiation 'std::unordered_map<CityRecord,int,std::hash<CityRecord>,std::equal_to<CityRecord>,std::allocator<std::pair<const CityRecord,int>>>' being compiled
