  Variadic functions.cpp
C:\Users\VGpc\Documents\GitHub\CppCodeSamples\Specific Behaviour\Variadic functions\Variadic functions\Variadic functions.cpp(35,5): error C2672: 'generic_print': no matching overloaded function found
C:\Users\VGpc\Documents\GitHub\CppCodeSamples\Specific Behaviour\Variadic functions\Variadic functions\Variadic functions.cpp(33,6): message : could be 'void generic_print(T,Types...)'
C:\Users\VGpc\Documents\GitHub\CppCodeSamples\Specific Behaviour\Variadic functions\Variadic functions\Variadic functions.cpp(35,5): message : 'void generic_print(T,Types...)': expects 2 arguments - 0 provided
C:\Users\VGpc\Documents\GitHub\CppCodeSamples\Specific Behaviour\Variadic functions\Variadic functions\Variadic functions.cpp(35,5): message : see reference to function template instantiation 'void generic_print<const char*,>(T)' being compiled
          with
          [
              T=const char *
          ]
C:\Users\VGpc\Documents\GitHub\CppCodeSamples\Specific Behaviour\Variadic functions\Variadic functions\Variadic functions.cpp(35,5): message : see reference to function template instantiation 'void generic_print<const char*,const char*>(T,const char *)' being compiled
          with
          [
              T=const char *
          ]
C:\Users\VGpc\Documents\GitHub\CppCodeSamples\Specific Behaviour\Variadic functions\Variadic functions\Variadic functions.cpp(35,5): message : see reference to function template instantiation 'void generic_print<double,const char*,const char*>(T,const char *,const char *)' being compiled
          with
          [
              T=double
          ]
C:\Users\VGpc\Documents\GitHub\CppCodeSamples\Specific Behaviour\Variadic functions\Variadic functions\Variadic functions.cpp(35,5): message : see reference to function template instantiation 'void generic_print<int,double,const char*,const char*>(T,double,const char *,const char *)' being compiled
          with
          [
              T=int
          ]
C:\Users\VGpc\Documents\GitHub\CppCodeSamples\Specific Behaviour\Variadic functions\Variadic functions\Variadic functions.cpp(41,5): message : see reference to function template instantiation 'void generic_print<int,int,double,const char*,const char*>(T,int,double,const char *,const char *)' being compiled
          with
          [
              T=int
          ]
